{"C:\\repos\\nodejs\\14 - Test Driven Development\\vidly\\index.js": {"path":"C:\\repos\\nodejs\\14 - Test Driven Development\\vidly\\index.js","statementMap":{"0":{"start":{"line":1,"column":16},"end":{"line":1,"column":34}},"1":{"start":{"line":2,"column":12},"end":{"line":2,"column":21}},"2":{"start":{"line":4,"column":0},"end":{"line":4,"column":30}},"3":{"start":{"line":5,"column":0},"end":{"line":5,"column":31}},"4":{"start":{"line":6,"column":0},"end":{"line":6,"column":26}},"5":{"start":{"line":7,"column":0},"end":{"line":7,"column":33}},"6":{"start":{"line":9,"column":13},"end":{"line":9,"column":37}},"7":{"start":{"line":10,"column":15},"end":{"line":12,"column":1}},"8":{"start":{"line":11,"column":2},"end":{"line":11,"column":45}},"9":{"start":{"line":14,"column":0},"end":{"line":14,"column":24}}},"fnMap":{"0":{"name":"(anonymous_0)","decl":{"start":{"line":10,"column":32},"end":{"line":10,"column":33}},"loc":{"start":{"line":11,"column":2},"end":{"line":11,"column":45}},"line":11}},"branchMap":{"0":{"loc":{"start":{"line":9,"column":13},"end":{"line":9,"column":37}},"type":"binary-expr","locations":[{"start":{"line":9,"column":13},"end":{"line":9,"column":29}},{"start":{"line":9,"column":33},"end":{"line":9,"column":37}}],"line":9}},"s":{"0":3,"1":3,"2":3,"3":3,"4":3,"5":3,"6":3,"7":3,"8":3,"9":3},"f":{"0":3},"b":{"0":[3,3]},"_coverageSchema":"1a1c01bbd47fc00a2c39e90264f33305004495a9","hash":"3f3897272880810dee4aa8fbee432d77d92755d8"}
,"C:\\repos\\nodejs\\14 - Test Driven Development\\vidly\\middleware\\admin.js": {"path":"C:\\repos\\nodejs\\14 - Test Driven Development\\vidly\\middleware\\admin.js","statementMap":{"0":{"start":{"line":1,"column":0},"end":{"line":6,"column":2}},"1":{"start":{"line":2,"column":2},"end":{"line":2,"column":24}},"2":{"start":{"line":3,"column":2},"end":{"line":4,"column":61}},"3":{"start":{"line":4,"column":4},"end":{"line":4,"column":61}},"4":{"start":{"line":5,"column":2},"end":{"line":5,"column":9}}},"fnMap":{"0":{"name":"(anonymous_0)","decl":{"start":{"line":1,"column":17},"end":{"line":1,"column":18}},"loc":{"start":{"line":1,"column":43},"end":{"line":6,"column":1}},"line":1}},"branchMap":{"0":{"loc":{"start":{"line":3,"column":2},"end":{"line":4,"column":61}},"type":"if","locations":[{"start":{"line":3,"column":2},"end":{"line":4,"column":61}},{"start":{},"end":{}}],"line":3}},"s":{"0":3,"1":2,"2":2,"3":0,"4":2},"f":{"0":2},"b":{"0":[0,2]},"_coverageSchema":"1a1c01bbd47fc00a2c39e90264f33305004495a9","hash":"910c9447873e1a5f39bedc06e49dfe6f8620b786"}
,"C:\\repos\\nodejs\\14 - Test Driven Development\\vidly\\middleware\\auth.js": {"path":"C:\\repos\\nodejs\\14 - Test Driven Development\\vidly\\middleware\\auth.js","statementMap":{"0":{"start":{"line":1,"column":12},"end":{"line":1,"column":35}},"1":{"start":{"line":2,"column":15},"end":{"line":2,"column":32}},"2":{"start":{"line":5,"column":0},"end":{"line":16,"column":2}},"3":{"start":{"line":6,"column":16},"end":{"line":6,"column":42}},"4":{"start":{"line":7,"column":2},"end":{"line":7,"column":79}},"5":{"start":{"line":7,"column":14},"end":{"line":7,"column":79}},"6":{"start":{"line":9,"column":2},"end":{"line":15,"column":3}},"7":{"start":{"line":10,"column":20},"end":{"line":10,"column":66}},"8":{"start":{"line":11,"column":4},"end":{"line":11,"column":23}},"9":{"start":{"line":12,"column":4},"end":{"line":12,"column":11}},"10":{"start":{"line":14,"column":4},"end":{"line":14,"column":43}}},"fnMap":{"0":{"name":"(anonymous_0)","decl":{"start":{"line":5,"column":17},"end":{"line":5,"column":18}},"loc":{"start":{"line":5,"column":43},"end":{"line":16,"column":1}},"line":5}},"branchMap":{"0":{"loc":{"start":{"line":7,"column":2},"end":{"line":7,"column":79}},"type":"if","locations":[{"start":{"line":7,"column":2},"end":{"line":7,"column":79}},{"start":{},"end":{}}],"line":7}},"s":{"0":4,"1":4,"2":4,"3":23,"4":23,"5":3,"6":20,"7":20,"8":20,"9":20,"10":0},"f":{"0":23},"b":{"0":[3,20]},"_coverageSchema":"1a1c01bbd47fc00a2c39e90264f33305004495a9","hash":"a10153d83e5c74b3bdc08522dcdacb33d50ad054"}
,"C:\\repos\\nodejs\\14 - Test Driven Development\\vidly\\middleware\\error.js": {"path":"C:\\repos\\nodejs\\14 - Test Driven Development\\vidly\\middleware\\error.js","statementMap":{"0":{"start":{"line":1,"column":16},"end":{"line":1,"column":34}},"1":{"start":{"line":3,"column":0},"end":{"line":6,"column":2}},"2":{"start":{"line":4,"column":2},"end":{"line":4,"column":23}},"3":{"start":{"line":5,"column":2},"end":{"line":5,"column":54}}},"fnMap":{"0":{"name":"(anonymous_0)","decl":{"start":{"line":3,"column":17},"end":{"line":3,"column":18}},"loc":{"start":{"line":3,"column":50},"end":{"line":6,"column":1}},"line":3}},"branchMap":{},"s":{"0":3,"1":3,"2":0,"3":0},"f":{"0":0},"b":{},"_coverageSchema":"1a1c01bbd47fc00a2c39e90264f33305004495a9","hash":"a3af0426e65b88114e6dcd9de9bac9a6dc481023"}
,"C:\\repos\\nodejs\\14 - Test Driven Development\\vidly\\middleware\\validate.js": {"path":"C:\\repos\\nodejs\\14 - Test Driven Development\\vidly\\middleware\\validate.js","statementMap":{"0":{"start":{"line":1,"column":0},"end":{"line":7,"column":1}},"1":{"start":{"line":2,"column":4},"end":{"line":6,"column":5}},"2":{"start":{"line":3,"column":24},"end":{"line":3,"column":43}},"3":{"start":{"line":4,"column":6},"end":{"line":4,"column":71}},"4":{"start":{"line":4,"column":17},"end":{"line":4,"column":71}},"5":{"start":{"line":5,"column":6},"end":{"line":5,"column":13}}},"fnMap":{"0":{"name":"(anonymous_0)","decl":{"start":{"line":1,"column":17},"end":{"line":1,"column":18}},"loc":{"start":{"line":1,"column":32},"end":{"line":7,"column":1}},"line":1},"1":{"name":"(anonymous_1)","decl":{"start":{"line":2,"column":11},"end":{"line":2,"column":12}},"loc":{"start":{"line":2,"column":31},"end":{"line":6,"column":5}},"line":2}},"branchMap":{"0":{"loc":{"start":{"line":4,"column":6},"end":{"line":4,"column":71}},"type":"if","locations":[{"start":{"line":4,"column":6},"end":{"line":4,"column":71}},{"start":{},"end":{}}],"line":4}},"s":{"0":3,"1":3,"2":9,"3":9,"4":2,"5":7},"f":{"0":3,"1":9},"b":{"0":[2,7]},"_coverageSchema":"1a1c01bbd47fc00a2c39e90264f33305004495a9","hash":"4494340abeb5df7956c448067193c1b9e5d5c4fd"}
,"C:\\repos\\nodejs\\14 - Test Driven Development\\vidly\\middleware\\validateObjectId.js": {"path":"C:\\repos\\nodejs\\14 - Test Driven Development\\vidly\\middleware\\validateObjectId.js","statementMap":{"0":{"start":{"line":1,"column":17},"end":{"line":1,"column":36}},"1":{"start":{"line":3,"column":0},"end":{"line":8,"column":2}},"2":{"start":{"line":4,"column":2},"end":{"line":5,"column":47}},"3":{"start":{"line":5,"column":4},"end":{"line":5,"column":47}},"4":{"start":{"line":7,"column":2},"end":{"line":7,"column":9}}},"fnMap":{"0":{"name":"(anonymous_0)","decl":{"start":{"line":3,"column":17},"end":{"line":3,"column":18}},"loc":{"start":{"line":3,"column":43},"end":{"line":8,"column":1}},"line":3}},"branchMap":{"0":{"loc":{"start":{"line":4,"column":2},"end":{"line":5,"column":47}},"type":"if","locations":[{"start":{"line":4,"column":2},"end":{"line":5,"column":47}},{"start":{},"end":{}}],"line":4}},"s":{"0":3,"1":3,"2":7,"3":0,"4":7},"f":{"0":7},"b":{"0":[0,7]},"_coverageSchema":"1a1c01bbd47fc00a2c39e90264f33305004495a9","hash":"285c0beb4159a5dba3057fcd8213e5ad176d5800"}
,"C:\\repos\\nodejs\\14 - Test Driven Development\\vidly\\models\\customer.js": {"path":"C:\\repos\\nodejs\\14 - Test Driven Development\\vidly\\models\\customer.js","statementMap":{"0":{"start":{"line":1,"column":12},"end":{"line":1,"column":26}},"1":{"start":{"line":2,"column":17},"end":{"line":2,"column":36}},"2":{"start":{"line":4,"column":17},"end":{"line":24,"column":1}},"3":{"start":{"line":27,"column":17},"end":{"line":31,"column":4}},"4":{"start":{"line":32,"column":2},"end":{"line":32,"column":35}},"5":{"start":{"line":35,"column":0},"end":{"line":35,"column":28}},"6":{"start":{"line":36,"column":0},"end":{"line":36,"column":36}}},"fnMap":{"0":{"name":"validateCustomer","decl":{"start":{"line":26,"column":9},"end":{"line":26,"column":25}},"loc":{"start":{"line":26,"column":36},"end":{"line":33,"column":1}},"line":26}},"branchMap":{},"s":{"0":3,"1":3,"2":3,"3":0,"4":0,"5":3,"6":3},"f":{"0":0},"b":{},"_coverageSchema":"1a1c01bbd47fc00a2c39e90264f33305004495a9","hash":"f64a18e36045a21daf3b78f4863248c181e100cc"}
,"C:\\repos\\nodejs\\14 - Test Driven Development\\vidly\\models\\genre.js": {"path":"C:\\repos\\nodejs\\14 - Test Driven Development\\vidly\\models\\genre.js","statementMap":{"0":{"start":{"line":1,"column":17},"end":{"line":1,"column":36}},"1":{"start":{"line":2,"column":12},"end":{"line":2,"column":26}},"2":{"start":{"line":4,"column":20},"end":{"line":11,"column":2}},"3":{"start":{"line":13,"column":14},"end":{"line":13,"column":50}},"4":{"start":{"line":16,"column":17},"end":{"line":18,"column":4}},"5":{"start":{"line":19,"column":2},"end":{"line":19,"column":32}},"6":{"start":{"line":22,"column":0},"end":{"line":22,"column":34}},"7":{"start":{"line":23,"column":0},"end":{"line":23,"column":22}},"8":{"start":{"line":24,"column":0},"end":{"line":24,"column":33}}},"fnMap":{"0":{"name":"validateGenre","decl":{"start":{"line":15,"column":9},"end":{"line":15,"column":22}},"loc":{"start":{"line":15,"column":30},"end":{"line":20,"column":1}},"line":15}},"branchMap":{},"s":{"0":3,"1":3,"2":3,"3":3,"4":8,"5":8,"6":3,"7":3,"8":3},"f":{"0":8},"b":{},"_coverageSchema":"1a1c01bbd47fc00a2c39e90264f33305004495a9","hash":"15ff86904eb29b05acfbadcbab15ade3c32fe28b"}
,"C:\\repos\\nodejs\\14 - Test Driven Development\\vidly\\models\\movie.js": {"path":"C:\\repos\\nodejs\\14 - Test Driven Development\\vidly\\models\\movie.js","statementMap":{"0":{"start":{"line":1,"column":24},"end":{"line":1,"column":42}},"1":{"start":{"line":2,"column":17},"end":{"line":2,"column":36}},"2":{"start":{"line":3,"column":12},"end":{"line":3,"column":26}},"3":{"start":{"line":5,"column":14},"end":{"line":31,"column":1}},"4":{"start":{"line":34,"column":17},"end":{"line":39,"column":4}},"5":{"start":{"line":40,"column":2},"end":{"line":40,"column":32}},"6":{"start":{"line":43,"column":0},"end":{"line":43,"column":22}},"7":{"start":{"line":44,"column":0},"end":{"line":44,"column":33}}},"fnMap":{"0":{"name":"validateMovie","decl":{"start":{"line":33,"column":9},"end":{"line":33,"column":22}},"loc":{"start":{"line":33,"column":30},"end":{"line":41,"column":1}},"line":33}},"branchMap":{},"s":{"0":3,"1":3,"2":3,"3":3,"4":0,"5":0,"6":3,"7":3},"f":{"0":0},"b":{},"_coverageSchema":"1a1c01bbd47fc00a2c39e90264f33305004495a9","hash":"7176685bfd830fbcd6d2bcb9a3ab4c971cc51315"}
,"C:\\repos\\nodejs\\14 - Test Driven Development\\vidly\\models\\rental.js": {"path":"C:\\repos\\nodejs\\14 - Test Driven Development\\vidly\\models\\rental.js","statementMap":{"0":{"start":{"line":1,"column":12},"end":{"line":1,"column":26}},"1":{"start":{"line":2,"column":17},"end":{"line":2,"column":36}},"2":{"start":{"line":3,"column":15},"end":{"line":3,"column":32}},"3":{"start":{"line":5,"column":21},"end":{"line":57,"column":2}},"4":{"start":{"line":59,"column":0},"end":{"line":64,"column":2}},"5":{"start":{"line":60,"column":2},"end":{"line":63,"column":5}},"6":{"start":{"line":66,"column":0},"end":{"line":71,"column":2}},"7":{"start":{"line":67,"column":2},"end":{"line":67,"column":33}},"8":{"start":{"line":69,"column":21},"end":{"line":69,"column":56}},"9":{"start":{"line":70,"column":2},"end":{"line":70,"column":59}},"10":{"start":{"line":73,"column":15},"end":{"line":73,"column":53}},"11":{"start":{"line":76,"column":17},"end":{"line":79,"column":4}},"12":{"start":{"line":81,"column":2},"end":{"line":81,"column":33}},"13":{"start":{"line":84,"column":0},"end":{"line":84,"column":24}},"14":{"start":{"line":85,"column":0},"end":{"line":85,"column":34}}},"fnMap":{"0":{"name":"(anonymous_0)","decl":{"start":{"line":59,"column":30},"end":{"line":59,"column":31}},"loc":{"start":{"line":59,"column":61},"end":{"line":64,"column":1}},"line":59},"1":{"name":"(anonymous_1)","decl":{"start":{"line":66,"column":30},"end":{"line":66,"column":31}},"loc":{"start":{"line":66,"column":42},"end":{"line":71,"column":1}},"line":66},"2":{"name":"validateRental","decl":{"start":{"line":75,"column":9},"end":{"line":75,"column":23}},"loc":{"start":{"line":75,"column":32},"end":{"line":82,"column":1}},"line":75}},"branchMap":{},"s":{"0":3,"1":3,"2":3,"3":3,"4":3,"5":7,"6":3,"7":5,"8":5,"9":5,"10":3,"11":0,"12":0,"13":3,"14":3},"f":{"0":7,"1":5,"2":0},"b":{},"_coverageSchema":"1a1c01bbd47fc00a2c39e90264f33305004495a9","hash":"ccc88eb441e333c4200bbe4bee17245734645d3d"}
,"C:\\repos\\nodejs\\14 - Test Driven Development\\vidly\\models\\user.js": {"path":"C:\\repos\\nodejs\\14 - Test Driven Development\\vidly\\models\\user.js","statementMap":{"0":{"start":{"line":1,"column":17},"end":{"line":1,"column":36}},"1":{"start":{"line":2,"column":12},"end":{"line":2,"column":26}},"2":{"start":{"line":3,"column":12},"end":{"line":3,"column":35}},"3":{"start":{"line":4,"column":15},"end":{"line":4,"column":32}},"4":{"start":{"line":6,"column":19},"end":{"line":27,"column":2}},"5":{"start":{"line":29,"column":0},"end":{"line":35,"column":2}},"6":{"start":{"line":30,"column":16},"end":{"line":33,"column":3}},"7":{"start":{"line":34,"column":2},"end":{"line":34,"column":15}},"8":{"start":{"line":37,"column":13},"end":{"line":37,"column":47}},"9":{"start":{"line":40,"column":17},"end":{"line":44,"column":4}},"10":{"start":{"line":45,"column":2},"end":{"line":45,"column":31}},"11":{"start":{"line":48,"column":0},"end":{"line":48,"column":20}},"12":{"start":{"line":49,"column":0},"end":{"line":49,"column":32}}},"fnMap":{"0":{"name":"(anonymous_0)","decl":{"start":{"line":29,"column":39},"end":{"line":29,"column":40}},"loc":{"start":{"line":29,"column":51},"end":{"line":35,"column":1}},"line":29},"1":{"name":"validateUser","decl":{"start":{"line":39,"column":9},"end":{"line":39,"column":21}},"loc":{"start":{"line":39,"column":28},"end":{"line":46,"column":1}},"line":39}},"branchMap":{},"s":{"0":5,"1":5,"2":5,"3":5,"4":5,"5":5,"6":24,"7":24,"8":5,"9":0,"10":0,"11":5,"12":5},"f":{"0":24,"1":0},"b":{},"_coverageSchema":"1a1c01bbd47fc00a2c39e90264f33305004495a9","hash":"542e43901a5773ce5a87c2ebe7fdf3b939b099fd"}
,"C:\\repos\\nodejs\\14 - Test Driven Development\\vidly\\routes\\auth.js": {"path":"C:\\repos\\nodejs\\14 - Test Driven Development\\vidly\\routes\\auth.js","statementMap":{"0":{"start":{"line":1,"column":17},"end":{"line":1,"column":42}},"1":{"start":{"line":2,"column":15},"end":{"line":2,"column":34}},"2":{"start":{"line":3,"column":12},"end":{"line":3,"column":26}},"3":{"start":{"line":4,"column":10},"end":{"line":4,"column":27}},"4":{"start":{"line":5,"column":16},"end":{"line":5,"column":34}},"5":{"start":{"line":6,"column":15},"end":{"line":6,"column":31}},"6":{"start":{"line":8,"column":0},"end":{"line":11,"column":3}},"7":{"start":{"line":9,"column":16},"end":{"line":9,"column":33}},"8":{"start":{"line":10,"column":2},"end":{"line":10,"column":18}},"9":{"start":{"line":13,"column":0},"end":{"line":25,"column":3}},"10":{"start":{"line":14,"column":20},"end":{"line":14,"column":38}},"11":{"start":{"line":15,"column":2},"end":{"line":15,"column":67}},"12":{"start":{"line":15,"column":13},"end":{"line":15,"column":67}},"13":{"start":{"line":17,"column":13},"end":{"line":17,"column":58}},"14":{"start":{"line":18,"column":2},"end":{"line":18,"column":71}},"15":{"start":{"line":18,"column":13},"end":{"line":18,"column":71}},"16":{"start":{"line":20,"column":19},"end":{"line":20,"column":73}},"17":{"start":{"line":21,"column":2},"end":{"line":21,"column":75}},"18":{"start":{"line":21,"column":17},"end":{"line":21,"column":75}},"19":{"start":{"line":23,"column":16},"end":{"line":23,"column":40}},"20":{"start":{"line":24,"column":2},"end":{"line":24,"column":18}},"21":{"start":{"line":28,"column":17},"end":{"line":31,"column":4}},"22":{"start":{"line":32,"column":2},"end":{"line":32,"column":34}},"23":{"start":{"line":35,"column":0},"end":{"line":35,"column":24}}},"fnMap":{"0":{"name":"(anonymous_0)","decl":{"start":{"line":8,"column":16},"end":{"line":8,"column":17}},"loc":{"start":{"line":8,"column":36},"end":{"line":11,"column":1}},"line":8},"1":{"name":"(anonymous_1)","decl":{"start":{"line":13,"column":17},"end":{"line":13,"column":18}},"loc":{"start":{"line":13,"column":37},"end":{"line":25,"column":1}},"line":13},"2":{"name":"validate","decl":{"start":{"line":27,"column":9},"end":{"line":27,"column":17}},"loc":{"start":{"line":27,"column":27},"end":{"line":33,"column":1}},"line":27}},"branchMap":{"0":{"loc":{"start":{"line":15,"column":2},"end":{"line":15,"column":67}},"type":"if","locations":[{"start":{"line":15,"column":2},"end":{"line":15,"column":67}},{"start":{},"end":{}}],"line":15},"1":{"loc":{"start":{"line":18,"column":2},"end":{"line":18,"column":71}},"type":"if","locations":[{"start":{"line":18,"column":2},"end":{"line":18,"column":71}},{"start":{},"end":{}}],"line":18},"2":{"loc":{"start":{"line":21,"column":2},"end":{"line":21,"column":75}},"type":"if","locations":[{"start":{"line":21,"column":2},"end":{"line":21,"column":75}},{"start":{},"end":{}}],"line":21}},"s":{"0":3,"1":3,"2":3,"3":3,"4":3,"5":3,"6":3,"7":0,"8":0,"9":3,"10":0,"11":0,"12":0,"13":0,"14":0,"15":0,"16":0,"17":0,"18":0,"19":0,"20":0,"21":0,"22":0,"23":3},"f":{"0":0,"1":0,"2":0},"b":{"0":[0,0],"1":[0,0],"2":[0,0]},"_coverageSchema":"1a1c01bbd47fc00a2c39e90264f33305004495a9","hash":"9f75dc9529ebce00cfd2e78883419c334414d56b"}
,"C:\\repos\\nodejs\\14 - Test Driven Development\\vidly\\routes\\customers.js": {"path":"C:\\repos\\nodejs\\14 - Test Driven Development\\vidly\\routes\\customers.js","statementMap":{"0":{"start":{"line":1,"column":31},"end":{"line":1,"column":60}},"1":{"start":{"line":2,"column":13},"end":{"line":2,"column":42}},"2":{"start":{"line":3,"column":17},"end":{"line":3,"column":36}},"3":{"start":{"line":4,"column":16},"end":{"line":4,"column":34}},"4":{"start":{"line":5,"column":15},"end":{"line":5,"column":31}},"5":{"start":{"line":7,"column":0},"end":{"line":10,"column":3}},"6":{"start":{"line":8,"column":20},"end":{"line":8,"column":54}},"7":{"start":{"line":9,"column":2},"end":{"line":9,"column":22}},"8":{"start":{"line":12,"column":0},"end":{"line":24,"column":3}},"9":{"start":{"line":13,"column":20},"end":{"line":13,"column":38}},"10":{"start":{"line":14,"column":2},"end":{"line":14,"column":67}},"11":{"start":{"line":14,"column":13},"end":{"line":14,"column":67}},"12":{"start":{"line":16,"column":17},"end":{"line":20,"column":4}},"13":{"start":{"line":21,"column":2},"end":{"line":21,"column":35}},"14":{"start":{"line":23,"column":2},"end":{"line":23,"column":21}},"15":{"start":{"line":26,"column":0},"end":{"line":46,"column":3}},"16":{"start":{"line":27,"column":20},"end":{"line":27,"column":38}},"17":{"start":{"line":28,"column":2},"end":{"line":28,"column":67}},"18":{"start":{"line":28,"column":13},"end":{"line":28,"column":67}},"19":{"start":{"line":30,"column":19},"end":{"line":38,"column":3}},"20":{"start":{"line":40,"column":2},"end":{"line":43,"column":61}},"21":{"start":{"line":41,"column":4},"end":{"line":43,"column":61}},"22":{"start":{"line":45,"column":2},"end":{"line":45,"column":21}},"23":{"start":{"line":48,"column":0},"end":{"line":57,"column":3}},"24":{"start":{"line":49,"column":19},"end":{"line":49,"column":66}},"25":{"start":{"line":51,"column":2},"end":{"line":54,"column":61}},"26":{"start":{"line":52,"column":4},"end":{"line":54,"column":61}},"27":{"start":{"line":56,"column":2},"end":{"line":56,"column":21}},"28":{"start":{"line":59,"column":0},"end":{"line":68,"column":3}},"29":{"start":{"line":60,"column":19},"end":{"line":60,"column":57}},"30":{"start":{"line":62,"column":2},"end":{"line":65,"column":61}},"31":{"start":{"line":63,"column":4},"end":{"line":65,"column":61}},"32":{"start":{"line":67,"column":2},"end":{"line":67,"column":21}},"33":{"start":{"line":70,"column":0},"end":{"line":70,"column":24}}},"fnMap":{"0":{"name":"(anonymous_0)","decl":{"start":{"line":7,"column":16},"end":{"line":7,"column":17}},"loc":{"start":{"line":7,"column":36},"end":{"line":10,"column":1}},"line":7},"1":{"name":"(anonymous_1)","decl":{"start":{"line":12,"column":23},"end":{"line":12,"column":24}},"loc":{"start":{"line":12,"column":43},"end":{"line":24,"column":1}},"line":12},"2":{"name":"(anonymous_2)","decl":{"start":{"line":26,"column":25},"end":{"line":26,"column":26}},"loc":{"start":{"line":26,"column":45},"end":{"line":46,"column":1}},"line":26},"3":{"name":"(anonymous_3)","decl":{"start":{"line":48,"column":28},"end":{"line":48,"column":29}},"loc":{"start":{"line":48,"column":48},"end":{"line":57,"column":1}},"line":48},"4":{"name":"(anonymous_4)","decl":{"start":{"line":59,"column":19},"end":{"line":59,"column":20}},"loc":{"start":{"line":59,"column":39},"end":{"line":68,"column":1}},"line":59}},"branchMap":{"0":{"loc":{"start":{"line":14,"column":2},"end":{"line":14,"column":67}},"type":"if","locations":[{"start":{"line":14,"column":2},"end":{"line":14,"column":67}},{"start":{},"end":{}}],"line":14},"1":{"loc":{"start":{"line":28,"column":2},"end":{"line":28,"column":67}},"type":"if","locations":[{"start":{"line":28,"column":2},"end":{"line":28,"column":67}},{"start":{},"end":{}}],"line":28},"2":{"loc":{"start":{"line":40,"column":2},"end":{"line":43,"column":61}},"type":"if","locations":[{"start":{"line":40,"column":2},"end":{"line":43,"column":61}},{"start":{},"end":{}}],"line":40},"3":{"loc":{"start":{"line":51,"column":2},"end":{"line":54,"column":61}},"type":"if","locations":[{"start":{"line":51,"column":2},"end":{"line":54,"column":61}},{"start":{},"end":{}}],"line":51},"4":{"loc":{"start":{"line":62,"column":2},"end":{"line":65,"column":61}},"type":"if","locations":[{"start":{"line":62,"column":2},"end":{"line":65,"column":61}},{"start":{},"end":{}}],"line":62}},"s":{"0":3,"1":3,"2":3,"3":3,"4":3,"5":3,"6":0,"7":0,"8":3,"9":0,"10":0,"11":0,"12":0,"13":0,"14":0,"15":3,"16":0,"17":0,"18":0,"19":0,"20":0,"21":0,"22":0,"23":3,"24":0,"25":0,"26":0,"27":0,"28":3,"29":0,"30":0,"31":0,"32":0,"33":3},"f":{"0":0,"1":0,"2":0,"3":0,"4":0},"b":{"0":[0,0],"1":[0,0],"2":[0,0],"3":[0,0],"4":[0,0]},"_coverageSchema":"1a1c01bbd47fc00a2c39e90264f33305004495a9","hash":"71343c09e5a1b78f06c1f030339255bdf186cc04"}
,"C:\\repos\\nodejs\\14 - Test Driven Development\\vidly\\routes\\genres.js": {"path":"C:\\repos\\nodejs\\14 - Test Driven Development\\vidly\\routes\\genres.js","statementMap":{"0":{"start":{"line":1,"column":13},"end":{"line":1,"column":42}},"1":{"start":{"line":2,"column":14},"end":{"line":2,"column":44}},"2":{"start":{"line":3,"column":25},"end":{"line":3,"column":66}},"3":{"start":{"line":4,"column":28},"end":{"line":4,"column":54}},"4":{"start":{"line":5,"column":16},"end":{"line":5,"column":34}},"5":{"start":{"line":6,"column":15},"end":{"line":6,"column":31}},"6":{"start":{"line":8,"column":0},"end":{"line":11,"column":3}},"7":{"start":{"line":9,"column":17},"end":{"line":9,"column":48}},"8":{"start":{"line":10,"column":2},"end":{"line":10,"column":19}},"9":{"start":{"line":13,"column":0},"end":{"line":21,"column":3}},"10":{"start":{"line":14,"column":20},"end":{"line":14,"column":38}},"11":{"start":{"line":15,"column":2},"end":{"line":15,"column":67}},"12":{"start":{"line":15,"column":13},"end":{"line":15,"column":67}},"13":{"start":{"line":17,"column":14},"end":{"line":17,"column":48}},"14":{"start":{"line":18,"column":2},"end":{"line":18,"column":29}},"15":{"start":{"line":20,"column":2},"end":{"line":20,"column":18}},"16":{"start":{"line":23,"column":0},"end":{"line":39,"column":3}},"17":{"start":{"line":24,"column":20},"end":{"line":24,"column":38}},"18":{"start":{"line":25,"column":2},"end":{"line":25,"column":67}},"19":{"start":{"line":25,"column":13},"end":{"line":25,"column":67}},"20":{"start":{"line":27,"column":16},"end":{"line":33,"column":3}},"21":{"start":{"line":35,"column":2},"end":{"line":36,"column":78}},"22":{"start":{"line":36,"column":4},"end":{"line":36,"column":78}},"23":{"start":{"line":38,"column":2},"end":{"line":38,"column":18}},"24":{"start":{"line":41,"column":0},"end":{"line":48,"column":3}},"25":{"start":{"line":42,"column":16},"end":{"line":42,"column":60}},"26":{"start":{"line":44,"column":2},"end":{"line":45,"column":78}},"27":{"start":{"line":45,"column":4},"end":{"line":45,"column":78}},"28":{"start":{"line":47,"column":2},"end":{"line":47,"column":18}},"29":{"start":{"line":50,"column":0},"end":{"line":57,"column":3}},"30":{"start":{"line":51,"column":16},"end":{"line":51,"column":51}},"31":{"start":{"line":53,"column":2},"end":{"line":54,"column":78}},"32":{"start":{"line":54,"column":4},"end":{"line":54,"column":78}},"33":{"start":{"line":56,"column":2},"end":{"line":56,"column":18}},"34":{"start":{"line":60,"column":0},"end":{"line":62,"column":3}},"35":{"start":{"line":61,"column":2},"end":{"line":61,"column":36}},"36":{"start":{"line":64,"column":0},"end":{"line":64,"column":24}}},"fnMap":{"0":{"name":"(anonymous_0)","decl":{"start":{"line":8,"column":16},"end":{"line":8,"column":17}},"loc":{"start":{"line":8,"column":42},"end":{"line":11,"column":1}},"line":8},"1":{"name":"(anonymous_1)","decl":{"start":{"line":13,"column":23},"end":{"line":13,"column":24}},"loc":{"start":{"line":13,"column":43},"end":{"line":21,"column":1}},"line":13},"2":{"name":"(anonymous_2)","decl":{"start":{"line":23,"column":45},"end":{"line":23,"column":46}},"loc":{"start":{"line":23,"column":65},"end":{"line":39,"column":1}},"line":23},"3":{"name":"(anonymous_3)","decl":{"start":{"line":41,"column":55},"end":{"line":41,"column":56}},"loc":{"start":{"line":41,"column":75},"end":{"line":48,"column":1}},"line":41},"4":{"name":"(anonymous_4)","decl":{"start":{"line":50,"column":37},"end":{"line":50,"column":38}},"loc":{"start":{"line":50,"column":57},"end":{"line":57,"column":1}},"line":50},"5":{"name":"(anonymous_5)","decl":{"start":{"line":60,"column":31},"end":{"line":60,"column":32}},"loc":{"start":{"line":60,"column":57},"end":{"line":62,"column":1}},"line":60}},"branchMap":{"0":{"loc":{"start":{"line":15,"column":2},"end":{"line":15,"column":67}},"type":"if","locations":[{"start":{"line":15,"column":2},"end":{"line":15,"column":67}},{"start":{},"end":{}}],"line":15},"1":{"loc":{"start":{"line":25,"column":2},"end":{"line":25,"column":67}},"type":"if","locations":[{"start":{"line":25,"column":2},"end":{"line":25,"column":67}},{"start":{},"end":{}}],"line":25},"2":{"loc":{"start":{"line":35,"column":2},"end":{"line":36,"column":78}},"type":"if","locations":[{"start":{"line":35,"column":2},"end":{"line":36,"column":78}},{"start":{},"end":{}}],"line":35},"3":{"loc":{"start":{"line":44,"column":2},"end":{"line":45,"column":78}},"type":"if","locations":[{"start":{"line":44,"column":2},"end":{"line":45,"column":78}},{"start":{},"end":{}}],"line":44},"4":{"loc":{"start":{"line":53,"column":2},"end":{"line":54,"column":78}},"type":"if","locations":[{"start":{"line":53,"column":2},"end":{"line":54,"column":78}},{"start":{},"end":{}}],"line":53}},"s":{"0":3,"1":3,"2":3,"3":3,"4":3,"5":3,"6":3,"7":1,"8":1,"9":3,"10":5,"11":5,"12":2,"13":3,"14":3,"15":3,"16":3,"17":3,"18":3,"19":1,"20":2,"21":2,"22":1,"23":1,"24":3,"25":2,"26":2,"27":1,"28":1,"29":3,"30":2,"31":2,"32":1,"33":1,"34":3,"35":0,"36":3},"f":{"0":1,"1":5,"2":3,"3":2,"4":2,"5":0},"b":{"0":[2,3],"1":[1,2],"2":[1,1],"3":[1,1],"4":[1,1]},"_coverageSchema":"1a1c01bbd47fc00a2c39e90264f33305004495a9","hash":"3557201f088fc28b27be01882884497719c25d0f"}
,"C:\\repos\\nodejs\\14 - Test Driven Development\\vidly\\routes\\movies.js": {"path":"C:\\repos\\nodejs\\14 - Test Driven Development\\vidly\\routes\\movies.js","statementMap":{"0":{"start":{"line":1,"column":28},"end":{"line":1,"column":54}},"1":{"start":{"line":2,"column":13},"end":{"line":2,"column":42}},"2":{"start":{"line":3,"column":18},"end":{"line":3,"column":44}},"3":{"start":{"line":4,"column":17},"end":{"line":4,"column":36}},"4":{"start":{"line":5,"column":16},"end":{"line":5,"column":34}},"5":{"start":{"line":6,"column":15},"end":{"line":6,"column":31}},"6":{"start":{"line":8,"column":0},"end":{"line":11,"column":3}},"7":{"start":{"line":9,"column":17},"end":{"line":9,"column":48}},"8":{"start":{"line":10,"column":2},"end":{"line":10,"column":19}},"9":{"start":{"line":13,"column":0},"end":{"line":32,"column":3}},"10":{"start":{"line":14,"column":20},"end":{"line":14,"column":38}},"11":{"start":{"line":15,"column":2},"end":{"line":15,"column":67}},"12":{"start":{"line":15,"column":13},"end":{"line":15,"column":67}},"13":{"start":{"line":17,"column":16},"end":{"line":17,"column":54}},"14":{"start":{"line":18,"column":2},"end":{"line":18,"column":60}},"15":{"start":{"line":18,"column":14},"end":{"line":18,"column":60}},"16":{"start":{"line":20,"column":14},"end":{"line":28,"column":4}},"17":{"start":{"line":29,"column":2},"end":{"line":29,"column":29}},"18":{"start":{"line":31,"column":2},"end":{"line":31,"column":18}},"19":{"start":{"line":34,"column":0},"end":{"line":60,"column":3}},"20":{"start":{"line":35,"column":2},"end":{"line":35,"column":32}},"21":{"start":{"line":36,"column":20},"end":{"line":36,"column":38}},"22":{"start":{"line":37,"column":2},"end":{"line":37,"column":67}},"23":{"start":{"line":37,"column":13},"end":{"line":37,"column":67}},"24":{"start":{"line":39,"column":16},"end":{"line":39,"column":54}},"25":{"start":{"line":40,"column":2},"end":{"line":40,"column":60}},"26":{"start":{"line":40,"column":14},"end":{"line":40,"column":60}},"27":{"start":{"line":42,"column":16},"end":{"line":54,"column":3}},"28":{"start":{"line":56,"column":2},"end":{"line":57,"column":78}},"29":{"start":{"line":57,"column":4},"end":{"line":57,"column":78}},"30":{"start":{"line":59,"column":2},"end":{"line":59,"column":18}},"31":{"start":{"line":62,"column":0},"end":{"line":69,"column":3}},"32":{"start":{"line":63,"column":16},"end":{"line":63,"column":60}},"33":{"start":{"line":65,"column":2},"end":{"line":66,"column":78}},"34":{"start":{"line":66,"column":4},"end":{"line":66,"column":78}},"35":{"start":{"line":68,"column":2},"end":{"line":68,"column":18}},"36":{"start":{"line":71,"column":0},"end":{"line":78,"column":3}},"37":{"start":{"line":72,"column":16},"end":{"line":72,"column":51}},"38":{"start":{"line":74,"column":2},"end":{"line":75,"column":78}},"39":{"start":{"line":75,"column":4},"end":{"line":75,"column":78}},"40":{"start":{"line":77,"column":2},"end":{"line":77,"column":18}},"41":{"start":{"line":80,"column":0},"end":{"line":80,"column":24}}},"fnMap":{"0":{"name":"(anonymous_0)","decl":{"start":{"line":8,"column":16},"end":{"line":8,"column":17}},"loc":{"start":{"line":8,"column":36},"end":{"line":11,"column":1}},"line":8},"1":{"name":"(anonymous_1)","decl":{"start":{"line":13,"column":23},"end":{"line":13,"column":24}},"loc":{"start":{"line":13,"column":43},"end":{"line":32,"column":1}},"line":13},"2":{"name":"(anonymous_2)","decl":{"start":{"line":34,"column":25},"end":{"line":34,"column":26}},"loc":{"start":{"line":34,"column":45},"end":{"line":60,"column":1}},"line":34},"3":{"name":"(anonymous_3)","decl":{"start":{"line":62,"column":28},"end":{"line":62,"column":29}},"loc":{"start":{"line":62,"column":48},"end":{"line":69,"column":1}},"line":62},"4":{"name":"(anonymous_4)","decl":{"start":{"line":71,"column":19},"end":{"line":71,"column":20}},"loc":{"start":{"line":71,"column":39},"end":{"line":78,"column":1}},"line":71}},"branchMap":{"0":{"loc":{"start":{"line":15,"column":2},"end":{"line":15,"column":67}},"type":"if","locations":[{"start":{"line":15,"column":2},"end":{"line":15,"column":67}},{"start":{},"end":{}}],"line":15},"1":{"loc":{"start":{"line":18,"column":2},"end":{"line":18,"column":60}},"type":"if","locations":[{"start":{"line":18,"column":2},"end":{"line":18,"column":60}},{"start":{},"end":{}}],"line":18},"2":{"loc":{"start":{"line":37,"column":2},"end":{"line":37,"column":67}},"type":"if","locations":[{"start":{"line":37,"column":2},"end":{"line":37,"column":67}},{"start":{},"end":{}}],"line":37},"3":{"loc":{"start":{"line":40,"column":2},"end":{"line":40,"column":60}},"type":"if","locations":[{"start":{"line":40,"column":2},"end":{"line":40,"column":60}},{"start":{},"end":{}}],"line":40},"4":{"loc":{"start":{"line":56,"column":2},"end":{"line":57,"column":78}},"type":"if","locations":[{"start":{"line":56,"column":2},"end":{"line":57,"column":78}},{"start":{},"end":{}}],"line":56},"5":{"loc":{"start":{"line":65,"column":2},"end":{"line":66,"column":78}},"type":"if","locations":[{"start":{"line":65,"column":2},"end":{"line":66,"column":78}},{"start":{},"end":{}}],"line":65},"6":{"loc":{"start":{"line":74,"column":2},"end":{"line":75,"column":78}},"type":"if","locations":[{"start":{"line":74,"column":2},"end":{"line":75,"column":78}},{"start":{},"end":{}}],"line":74}},"s":{"0":3,"1":3,"2":3,"3":3,"4":3,"5":3,"6":3,"7":0,"8":0,"9":3,"10":0,"11":0,"12":0,"13":0,"14":0,"15":0,"16":0,"17":0,"18":0,"19":3,"20":0,"21":0,"22":0,"23":0,"24":0,"25":0,"26":0,"27":0,"28":0,"29":0,"30":0,"31":3,"32":0,"33":0,"34":0,"35":0,"36":3,"37":0,"38":0,"39":0,"40":0,"41":3},"f":{"0":0,"1":0,"2":0,"3":0,"4":0},"b":{"0":[0,0],"1":[0,0],"2":[0,0],"3":[0,0],"4":[0,0],"5":[0,0],"6":[0,0]},"_coverageSchema":"1a1c01bbd47fc00a2c39e90264f33305004495a9","hash":"d73af2a367b15ae3f9b1767e7ab2f9124790d7b1"}
,"C:\\repos\\nodejs\\14 - Test Driven Development\\vidly\\routes\\rentals.js": {"path":"C:\\repos\\nodejs\\14 - Test Driven Development\\vidly\\routes\\rentals.js","statementMap":{"0":{"start":{"line":1,"column":29},"end":{"line":1,"column":56}},"1":{"start":{"line":2,"column":13},"end":{"line":2,"column":42}},"2":{"start":{"line":3,"column":18},"end":{"line":3,"column":44}},"3":{"start":{"line":4,"column":21},"end":{"line":4,"column":50}},"4":{"start":{"line":5,"column":17},"end":{"line":5,"column":36}},"5":{"start":{"line":6,"column":13},"end":{"line":6,"column":28}},"6":{"start":{"line":7,"column":16},"end":{"line":7,"column":34}},"7":{"start":{"line":8,"column":15},"end":{"line":8,"column":31}},"8":{"start":{"line":10,"column":0},"end":{"line":10,"column":39}},"9":{"start":{"line":12,"column":0},"end":{"line":15,"column":3}},"10":{"start":{"line":13,"column":18},"end":{"line":13,"column":54}},"11":{"start":{"line":14,"column":2},"end":{"line":14,"column":20}},"12":{"start":{"line":17,"column":0},"end":{"line":52,"column":3}},"13":{"start":{"line":18,"column":20},"end":{"line":18,"column":38}},"14":{"start":{"line":19,"column":2},"end":{"line":19,"column":67}},"15":{"start":{"line":19,"column":13},"end":{"line":19,"column":67}},"16":{"start":{"line":21,"column":19},"end":{"line":21,"column":63}},"17":{"start":{"line":22,"column":2},"end":{"line":22,"column":66}},"18":{"start":{"line":22,"column":17},"end":{"line":22,"column":66}},"19":{"start":{"line":24,"column":16},"end":{"line":24,"column":54}},"20":{"start":{"line":25,"column":2},"end":{"line":25,"column":60}},"21":{"start":{"line":25,"column":14},"end":{"line":25,"column":60}},"22":{"start":{"line":27,"column":2},"end":{"line":28,"column":55}},"23":{"start":{"line":28,"column":4},"end":{"line":28,"column":55}},"24":{"start":{"line":30,"column":15},"end":{"line":41,"column":4}},"25":{"start":{"line":43,"column":2},"end":{"line":50,"column":3}},"26":{"start":{"line":44,"column":4},"end":{"line":47,"column":13}},"27":{"start":{"line":49,"column":4},"end":{"line":49,"column":52}},"28":{"start":{"line":51,"column":2},"end":{"line":51,"column":19}},"29":{"start":{"line":54,"column":0},"end":{"line":61,"column":3}},"30":{"start":{"line":55,"column":17},"end":{"line":55,"column":53}},"31":{"start":{"line":57,"column":2},"end":{"line":58,"column":79}},"32":{"start":{"line":58,"column":4},"end":{"line":58,"column":79}},"33":{"start":{"line":60,"column":2},"end":{"line":60,"column":19}},"34":{"start":{"line":63,"column":0},"end":{"line":63,"column":24}}},"fnMap":{"0":{"name":"(anonymous_0)","decl":{"start":{"line":12,"column":16},"end":{"line":12,"column":17}},"loc":{"start":{"line":12,"column":36},"end":{"line":15,"column":1}},"line":12},"1":{"name":"(anonymous_1)","decl":{"start":{"line":17,"column":23},"end":{"line":17,"column":24}},"loc":{"start":{"line":17,"column":43},"end":{"line":52,"column":1}},"line":17},"2":{"name":"(anonymous_2)","decl":{"start":{"line":54,"column":19},"end":{"line":54,"column":20}},"loc":{"start":{"line":54,"column":39},"end":{"line":61,"column":1}},"line":54}},"branchMap":{"0":{"loc":{"start":{"line":19,"column":2},"end":{"line":19,"column":67}},"type":"if","locations":[{"start":{"line":19,"column":2},"end":{"line":19,"column":67}},{"start":{},"end":{}}],"line":19},"1":{"loc":{"start":{"line":22,"column":2},"end":{"line":22,"column":66}},"type":"if","locations":[{"start":{"line":22,"column":2},"end":{"line":22,"column":66}},{"start":{},"end":{}}],"line":22},"2":{"loc":{"start":{"line":25,"column":2},"end":{"line":25,"column":60}},"type":"if","locations":[{"start":{"line":25,"column":2},"end":{"line":25,"column":60}},{"start":{},"end":{}}],"line":25},"3":{"loc":{"start":{"line":27,"column":2},"end":{"line":28,"column":55}},"type":"if","locations":[{"start":{"line":27,"column":2},"end":{"line":28,"column":55}},{"start":{},"end":{}}],"line":27},"4":{"loc":{"start":{"line":57,"column":2},"end":{"line":58,"column":79}},"type":"if","locations":[{"start":{"line":57,"column":2},"end":{"line":58,"column":79}},{"start":{},"end":{}}],"line":57}},"s":{"0":3,"1":3,"2":3,"3":3,"4":3,"5":3,"6":3,"7":3,"8":3,"9":3,"10":0,"11":0,"12":3,"13":0,"14":0,"15":0,"16":0,"17":0,"18":0,"19":0,"20":0,"21":0,"22":0,"23":0,"24":0,"25":0,"26":0,"27":0,"28":0,"29":3,"30":0,"31":0,"32":0,"33":0,"34":3},"f":{"0":0,"1":0,"2":0},"b":{"0":[0,0],"1":[0,0],"2":[0,0],"3":[0,0],"4":[0,0]},"_coverageSchema":"1a1c01bbd47fc00a2c39e90264f33305004495a9","hash":"ffaafdaa24dd093bb7feb133fbfd31af20b72865"}
,"C:\\repos\\nodejs\\14 - Test Driven Development\\vidly\\routes\\returns.js": {"path":"C:\\repos\\nodejs\\14 - Test Driven Development\\vidly\\routes\\returns.js","statementMap":{"0":{"start":{"line":1,"column":12},"end":{"line":1,"column":26}},"1":{"start":{"line":2,"column":0},"end":{"line":2,"column":44}},"2":{"start":{"line":3,"column":13},"end":{"line":3,"column":42}},"3":{"start":{"line":4,"column":17},"end":{"line":4,"column":50}},"4":{"start":{"line":5,"column":19},"end":{"line":5,"column":46}},"5":{"start":{"line":6,"column":18},"end":{"line":6,"column":44}},"6":{"start":{"line":7,"column":16},"end":{"line":7,"column":34}},"7":{"start":{"line":8,"column":15},"end":{"line":8,"column":31}},"8":{"start":{"line":10,"column":0},"end":{"line":29,"column":3}},"9":{"start":{"line":11,"column":17},"end":{"line":11,"column":75}},"10":{"start":{"line":13,"column":2},"end":{"line":13,"column":63}},"11":{"start":{"line":13,"column":15},"end":{"line":13,"column":63}},"12":{"start":{"line":15,"column":2},"end":{"line":16,"column":60}},"13":{"start":{"line":16,"column":4},"end":{"line":16,"column":60}},"14":{"start":{"line":18,"column":2},"end":{"line":18,"column":18}},"15":{"start":{"line":19,"column":2},"end":{"line":19,"column":22}},"16":{"start":{"line":21,"column":2},"end":{"line":26,"column":4}},"17":{"start":{"line":28,"column":2},"end":{"line":28,"column":26}},"18":{"start":{"line":32,"column":17},"end":{"line":35,"column":4}},"19":{"start":{"line":36,"column":2},"end":{"line":36,"column":30}},"20":{"start":{"line":39,"column":0},"end":{"line":39,"column":24}}},"fnMap":{"0":{"name":"(anonymous_0)","decl":{"start":{"line":10,"column":51},"end":{"line":10,"column":52}},"loc":{"start":{"line":10,"column":77},"end":{"line":29,"column":1}},"line":10},"1":{"name":"validateReturn","decl":{"start":{"line":31,"column":9},"end":{"line":31,"column":23}},"loc":{"start":{"line":31,"column":29},"end":{"line":37,"column":1}},"line":31}},"branchMap":{"0":{"loc":{"start":{"line":13,"column":2},"end":{"line":13,"column":63}},"type":"if","locations":[{"start":{"line":13,"column":2},"end":{"line":13,"column":63}},{"start":{},"end":{}}],"line":13},"1":{"loc":{"start":{"line":15,"column":2},"end":{"line":16,"column":60}},"type":"if","locations":[{"start":{"line":15,"column":2},"end":{"line":16,"column":60}},{"start":{},"end":{}}],"line":15}},"s":{"0":3,"1":3,"2":3,"3":3,"4":3,"5":3,"6":3,"7":3,"8":3,"9":7,"10":7,"11":1,"12":6,"13":1,"14":5,"15":5,"16":5,"17":5,"18":9,"19":9,"20":3},"f":{"0":7,"1":9},"b":{"0":[1,6],"1":[1,5]},"_coverageSchema":"1a1c01bbd47fc00a2c39e90264f33305004495a9","hash":"2d58178d5ec1214a77ca94e2217e88450917ba01"}
,"C:\\repos\\nodejs\\14 - Test Driven Development\\vidly\\routes\\users.js": {"path":"C:\\repos\\nodejs\\14 - Test Driven Development\\vidly\\routes\\users.js","statementMap":{"0":{"start":{"line":1,"column":27},"end":{"line":1,"column":52}},"1":{"start":{"line":2,"column":13},"end":{"line":2,"column":42}},"2":{"start":{"line":3,"column":15},"end":{"line":3,"column":34}},"3":{"start":{"line":4,"column":10},"end":{"line":4,"column":27}},"4":{"start":{"line":5,"column":16},"end":{"line":5,"column":34}},"5":{"start":{"line":6,"column":15},"end":{"line":6,"column":31}},"6":{"start":{"line":8,"column":0},"end":{"line":11,"column":3}},"7":{"start":{"line":9,"column":16},"end":{"line":9,"column":33}},"8":{"start":{"line":10,"column":2},"end":{"line":10,"column":18}},"9":{"start":{"line":13,"column":0},"end":{"line":30,"column":3}},"10":{"start":{"line":14,"column":20},"end":{"line":14,"column":38}},"11":{"start":{"line":15,"column":2},"end":{"line":15,"column":67}},"12":{"start":{"line":15,"column":13},"end":{"line":15,"column":67}},"13":{"start":{"line":17,"column":13},"end":{"line":17,"column":58}},"14":{"start":{"line":18,"column":2},"end":{"line":18,"column":68}},"15":{"start":{"line":18,"column":12},"end":{"line":18,"column":68}},"16":{"start":{"line":20,"column":2},"end":{"line":20,"column":67}},"17":{"start":{"line":21,"column":15},"end":{"line":21,"column":39}},"18":{"start":{"line":22,"column":2},"end":{"line":22,"column":57}},"19":{"start":{"line":24,"column":2},"end":{"line":24,"column":27}},"20":{"start":{"line":25,"column":16},"end":{"line":25,"column":40}},"21":{"start":{"line":27,"column":2},"end":{"line":29,"column":50}},"22":{"start":{"line":33,"column":0},"end":{"line":37,"column":3}},"23":{"start":{"line":34,"column":2},"end":{"line":34,"column":42}},"24":{"start":{"line":35,"column":15},"end":{"line":35,"column":68}},"25":{"start":{"line":36,"column":2},"end":{"line":36,"column":17}},"26":{"start":{"line":39,"column":0},"end":{"line":39,"column":24}}},"fnMap":{"0":{"name":"(anonymous_0)","decl":{"start":{"line":8,"column":16},"end":{"line":8,"column":17}},"loc":{"start":{"line":8,"column":36},"end":{"line":11,"column":1}},"line":8},"1":{"name":"(anonymous_1)","decl":{"start":{"line":13,"column":17},"end":{"line":13,"column":18}},"loc":{"start":{"line":13,"column":37},"end":{"line":30,"column":1}},"line":13},"2":{"name":"(anonymous_2)","decl":{"start":{"line":33,"column":24},"end":{"line":33,"column":25}},"loc":{"start":{"line":33,"column":44},"end":{"line":37,"column":1}},"line":33}},"branchMap":{"0":{"loc":{"start":{"line":15,"column":2},"end":{"line":15,"column":67}},"type":"if","locations":[{"start":{"line":15,"column":2},"end":{"line":15,"column":67}},{"start":{},"end":{}}],"line":15},"1":{"loc":{"start":{"line":18,"column":2},"end":{"line":18,"column":68}},"type":"if","locations":[{"start":{"line":18,"column":2},"end":{"line":18,"column":68}},{"start":{},"end":{}}],"line":18}},"s":{"0":3,"1":3,"2":3,"3":3,"4":3,"5":3,"6":3,"7":0,"8":0,"9":3,"10":0,"11":0,"12":0,"13":0,"14":0,"15":0,"16":0,"17":0,"18":0,"19":0,"20":0,"21":0,"22":3,"23":0,"24":0,"25":0,"26":3},"f":{"0":0,"1":0,"2":0},"b":{"0":[0,0],"1":[0,0]},"_coverageSchema":"1a1c01bbd47fc00a2c39e90264f33305004495a9","hash":"61dbe7e3d7c51f852769ca9591680cb14fcda6e2"}
,"C:\\repos\\nodejs\\14 - Test Driven Development\\vidly\\startup\\config.js": {"path":"C:\\repos\\nodejs\\14 - Test Driven Development\\vidly\\startup\\config.js","statementMap":{"0":{"start":{"line":1,"column":15},"end":{"line":1,"column":32}},"1":{"start":{"line":2,"column":16},"end":{"line":2,"column":34}},"2":{"start":{"line":4,"column":0},"end":{"line":8,"column":2}},"3":{"start":{"line":5,"column":2},"end":{"line":7,"column":3}},"4":{"start":{"line":6,"column":4},"end":{"line":6,"column":78}}},"fnMap":{"0":{"name":"(anonymous_0)","decl":{"start":{"line":4,"column":17},"end":{"line":4,"column":18}},"loc":{"start":{"line":4,"column":29},"end":{"line":8,"column":1}},"line":4}},"branchMap":{"0":{"loc":{"start":{"line":5,"column":2},"end":{"line":7,"column":3}},"type":"if","locations":[{"start":{"line":5,"column":2},"end":{"line":7,"column":3}},{"start":{},"end":{}}],"line":5}},"s":{"0":3,"1":3,"2":3,"3":3,"4":0},"f":{"0":3},"b":{"0":[0,3]},"_coverageSchema":"1a1c01bbd47fc00a2c39e90264f33305004495a9","hash":"880181600181f835d2ba1b324d63b677950db1c8"}
,"C:\\repos\\nodejs\\14 - Test Driven Development\\vidly\\startup\\db.js": {"path":"C:\\repos\\nodejs\\14 - Test Driven Development\\vidly\\startup\\db.js","statementMap":{"0":{"start":{"line":1,"column":17},"end":{"line":1,"column":36}},"1":{"start":{"line":2,"column":16},"end":{"line":2,"column":34}},"2":{"start":{"line":3,"column":15},"end":{"line":3,"column":32}},"3":{"start":{"line":5,"column":0},"end":{"line":8,"column":2}},"4":{"start":{"line":6,"column":13},"end":{"line":6,"column":29}},"5":{"start":{"line":7,"column":2},"end":{"line":7,"column":73}},"6":{"start":{"line":7,"column":34},"end":{"line":7,"column":71}}},"fnMap":{"0":{"name":"(anonymous_0)","decl":{"start":{"line":5,"column":17},"end":{"line":5,"column":18}},"loc":{"start":{"line":5,"column":29},"end":{"line":8,"column":1}},"line":5},"1":{"name":"(anonymous_1)","decl":{"start":{"line":7,"column":28},"end":{"line":7,"column":29}},"loc":{"start":{"line":7,"column":34},"end":{"line":7,"column":71}},"line":7}},"branchMap":{},"s":{"0":3,"1":3,"2":3,"3":3,"4":3,"5":3,"6":3},"f":{"0":3,"1":3},"b":{},"_coverageSchema":"1a1c01bbd47fc00a2c39e90264f33305004495a9","hash":"dbac97f454efebef9d452aa15a65a39c23fb142c"}
,"C:\\repos\\nodejs\\14 - Test Driven Development\\vidly\\startup\\logging.js": {"path":"C:\\repos\\nodejs\\14 - Test Driven Development\\vidly\\startup\\logging.js","statementMap":{"0":{"start":{"line":1,"column":16},"end":{"line":1,"column":34}},"1":{"start":{"line":2,"column":15},"end":{"line":2,"column":32}},"2":{"start":{"line":3,"column":0},"end":{"line":3,"column":27}},"3":{"start":{"line":4,"column":0},"end":{"line":4,"column":32}},"4":{"start":{"line":6,"column":0},"end":{"line":34,"column":2}},"5":{"start":{"line":7,"column":2},"end":{"line":11,"column":4}},"6":{"start":{"line":12,"column":2},"end":{"line":18,"column":4}},"7":{"start":{"line":20,"column":2},"end":{"line":26,"column":4}},"8":{"start":{"line":28,"column":2},"end":{"line":33,"column":4}}},"fnMap":{"0":{"name":"(anonymous_0)","decl":{"start":{"line":6,"column":17},"end":{"line":6,"column":18}},"loc":{"start":{"line":6,"column":29},"end":{"line":34,"column":1}},"line":6}},"branchMap":{},"s":{"0":3,"1":3,"2":3,"3":3,"4":3,"5":3,"6":3,"7":3,"8":3},"f":{"0":3},"b":{},"_coverageSchema":"1a1c01bbd47fc00a2c39e90264f33305004495a9","hash":"32d6e287106400fd607857d7d1a2b328a3efea78"}
,"C:\\repos\\nodejs\\14 - Test Driven Development\\vidly\\startup\\routes.js": {"path":"C:\\repos\\nodejs\\14 - Test Driven Development\\vidly\\startup\\routes.js","statementMap":{"0":{"start":{"line":1,"column":16},"end":{"line":1,"column":34}},"1":{"start":{"line":2,"column":14},"end":{"line":2,"column":44}},"2":{"start":{"line":3,"column":14},"end":{"line":3,"column":40}},"3":{"start":{"line":4,"column":15},"end":{"line":4,"column":42}},"4":{"start":{"line":5,"column":18},"end":{"line":5,"column":48}},"5":{"start":{"line":6,"column":15},"end":{"line":6,"column":42}},"6":{"start":{"line":7,"column":16},"end":{"line":7,"column":44}},"7":{"start":{"line":8,"column":16},"end":{"line":8,"column":44}},"8":{"start":{"line":9,"column":13},"end":{"line":9,"column":38}},"9":{"start":{"line":11,"column":0},"end":{"line":21,"column":2}},"10":{"start":{"line":12,"column":2},"end":{"line":12,"column":26}},"11":{"start":{"line":13,"column":2},"end":{"line":13,"column":31}},"12":{"start":{"line":14,"column":2},"end":{"line":14,"column":33}},"13":{"start":{"line":15,"column":2},"end":{"line":15,"column":33}},"14":{"start":{"line":16,"column":2},"end":{"line":16,"column":35}},"15":{"start":{"line":17,"column":2},"end":{"line":17,"column":35}},"16":{"start":{"line":18,"column":2},"end":{"line":18,"column":39}},"17":{"start":{"line":19,"column":2},"end":{"line":19,"column":29}},"18":{"start":{"line":20,"column":2},"end":{"line":20,"column":17}}},"fnMap":{"0":{"name":"(anonymous_0)","decl":{"start":{"line":11,"column":17},"end":{"line":11,"column":18}},"loc":{"start":{"line":11,"column":32},"end":{"line":21,"column":1}},"line":11}},"branchMap":{},"s":{"0":3,"1":3,"2":3,"3":3,"4":3,"5":3,"6":3,"7":3,"8":3,"9":3,"10":3,"11":3,"12":3,"13":3,"14":3,"15":3,"16":3,"17":3,"18":3},"f":{"0":3},"b":{},"_coverageSchema":"1a1c01bbd47fc00a2c39e90264f33305004495a9","hash":"3671c6c16bb554ca49422f69720575b88b1d11e6"}
}
