TN:
SF:index.js
FN:10,(anonymous_0)
FNF:1
FNH:1
FNDA:3,(anonymous_0)
DA:1,3
DA:2,3
DA:4,3
DA:5,3
DA:6,3
DA:7,3
DA:9,3
DA:10,3
DA:11,3
DA:14,3
LF:10
LH:10
BRDA:9,0,0,3
BRDA:9,0,1,3
BRF:2
BRH:2
end_of_record
TN:
SF:middleware\admin.js
FN:1,(anonymous_0)
FNF:1
FNH:1
FNDA:2,(anonymous_0)
DA:1,3
DA:2,2
DA:3,2
DA:4,0
DA:5,2
LF:5
LH:4
BRDA:3,0,0,0
BRDA:3,0,1,2
BRF:2
BRH:1
end_of_record
TN:
SF:middleware\auth.js
FN:5,(anonymous_0)
FNF:1
FNH:1
FNDA:23,(anonymous_0)
DA:1,4
DA:2,4
DA:5,4
DA:6,23
DA:7,23
DA:9,20
DA:10,20
DA:11,20
DA:12,20
DA:14,0
LF:10
LH:9
BRDA:7,0,0,3
BRDA:7,0,1,20
BRF:2
BRH:2
end_of_record
TN:
SF:middleware\error.js
FN:3,(anonymous_0)
FNF:1
FNH:0
FNDA:0,(anonymous_0)
DA:1,3
DA:3,3
DA:4,0
DA:5,0
LF:4
LH:2
BRF:0
BRH:0
end_of_record
TN:
SF:middleware\validate.js
FN:1,(anonymous_0)
FN:2,(anonymous_1)
FNF:2
FNH:2
FNDA:3,(anonymous_0)
FNDA:9,(anonymous_1)
DA:1,3
DA:2,3
DA:3,9
DA:4,9
DA:5,7
LF:5
LH:5
BRDA:4,0,0,2
BRDA:4,0,1,7
BRF:2
BRH:2
end_of_record
TN:
SF:middleware\validateObjectId.js
FN:3,(anonymous_0)
FNF:1
FNH:1
FNDA:7,(anonymous_0)
DA:1,3
DA:3,3
DA:4,7
DA:5,0
DA:7,7
LF:5
LH:4
BRDA:4,0,0,0
BRDA:4,0,1,7
BRF:2
BRH:1
end_of_record
TN:
SF:models\customer.js
FN:26,validateCustomer
FNF:1
FNH:0
FNDA:0,validateCustomer
DA:1,3
DA:2,3
DA:4,3
DA:27,0
DA:32,0
DA:35,3
DA:36,3
LF:7
LH:5
BRF:0
BRH:0
end_of_record
TN:
SF:models\genre.js
FN:15,validateGenre
FNF:1
FNH:1
FNDA:8,validateGenre
DA:1,3
DA:2,3
DA:4,3
DA:13,3
DA:16,8
DA:19,8
DA:22,3
DA:23,3
DA:24,3
LF:9
LH:9
BRF:0
BRH:0
end_of_record
TN:
SF:models\movie.js
FN:33,validateMovie
FNF:1
FNH:0
FNDA:0,validateMovie
DA:1,3
DA:2,3
DA:3,3
DA:5,3
DA:34,0
DA:40,0
DA:43,3
DA:44,3
LF:8
LH:6
BRF:0
BRH:0
end_of_record
TN:
SF:models\rental.js
FN:59,(anonymous_0)
FN:66,(anonymous_1)
FN:75,validateRental
FNF:3
FNH:2
FNDA:7,(anonymous_0)
FNDA:5,(anonymous_1)
FNDA:0,validateRental
DA:1,3
DA:2,3
DA:3,3
DA:5,3
DA:59,3
DA:60,7
DA:66,3
DA:67,5
DA:69,5
DA:70,5
DA:73,3
DA:76,0
DA:81,0
DA:84,3
DA:85,3
LF:15
LH:13
BRF:0
BRH:0
end_of_record
TN:
SF:models\user.js
FN:29,(anonymous_0)
FN:39,validateUser
FNF:2
FNH:1
FNDA:24,(anonymous_0)
FNDA:0,validateUser
DA:1,5
DA:2,5
DA:3,5
DA:4,5
DA:6,5
DA:29,5
DA:30,24
DA:34,24
DA:37,5
DA:40,0
DA:45,0
DA:48,5
DA:49,5
LF:13
LH:11
BRF:0
BRH:0
end_of_record
TN:
SF:routes\auth.js
FN:8,(anonymous_0)
FN:13,(anonymous_1)
FN:27,validate
FNF:3
FNH:0
FNDA:0,(anonymous_0)
FNDA:0,(anonymous_1)
FNDA:0,validate
DA:1,3
DA:2,3
DA:3,3
DA:4,3
DA:5,3
DA:6,3
DA:8,3
DA:9,0
DA:10,0
DA:13,3
DA:14,0
DA:15,0
DA:17,0
DA:18,0
DA:20,0
DA:21,0
DA:23,0
DA:24,0
DA:28,0
DA:32,0
DA:35,3
LF:21
LH:9
BRDA:15,0,0,0
BRDA:15,0,1,0
BRDA:18,1,0,0
BRDA:18,1,1,0
BRDA:21,2,0,0
BRDA:21,2,1,0
BRF:6
BRH:0
end_of_record
TN:
SF:routes\customers.js
FN:7,(anonymous_0)
FN:12,(anonymous_1)
FN:26,(anonymous_2)
FN:48,(anonymous_3)
FN:59,(anonymous_4)
FNF:5
FNH:0
FNDA:0,(anonymous_0)
FNDA:0,(anonymous_1)
FNDA:0,(anonymous_2)
FNDA:0,(anonymous_3)
FNDA:0,(anonymous_4)
DA:1,3
DA:2,3
DA:3,3
DA:4,3
DA:5,3
DA:7,3
DA:8,0
DA:9,0
DA:12,3
DA:13,0
DA:14,0
DA:16,0
DA:21,0
DA:23,0
DA:26,3
DA:27,0
DA:28,0
DA:30,0
DA:40,0
DA:41,0
DA:45,0
DA:48,3
DA:49,0
DA:51,0
DA:52,0
DA:56,0
DA:59,3
DA:60,0
DA:62,0
DA:63,0
DA:67,0
DA:70,3
LF:32
LH:11
BRDA:14,0,0,0
BRDA:14,0,1,0
BRDA:28,1,0,0
BRDA:28,1,1,0
BRDA:40,2,0,0
BRDA:40,2,1,0
BRDA:51,3,0,0
BRDA:51,3,1,0
BRDA:62,4,0,0
BRDA:62,4,1,0
BRF:10
BRH:0
end_of_record
TN:
SF:routes\genres.js
FN:8,(anonymous_0)
FN:13,(anonymous_1)
FN:23,(anonymous_2)
FN:41,(anonymous_3)
FN:50,(anonymous_4)
FN:60,(anonymous_5)
FNF:6
FNH:5
FNDA:1,(anonymous_0)
FNDA:5,(anonymous_1)
FNDA:3,(anonymous_2)
FNDA:2,(anonymous_3)
FNDA:2,(anonymous_4)
FNDA:0,(anonymous_5)
DA:1,3
DA:2,3
DA:3,3
DA:4,3
DA:5,3
DA:6,3
DA:8,3
DA:9,1
DA:10,1
DA:13,3
DA:14,5
DA:15,5
DA:17,3
DA:18,3
DA:20,3
DA:23,3
DA:24,3
DA:25,3
DA:27,2
DA:35,2
DA:36,1
DA:38,1
DA:41,3
DA:42,2
DA:44,2
DA:45,1
DA:47,1
DA:50,3
DA:51,2
DA:53,2
DA:54,1
DA:56,1
DA:60,3
DA:61,0
DA:64,3
LF:35
LH:34
BRDA:15,0,0,2
BRDA:15,0,1,3
BRDA:25,1,0,1
BRDA:25,1,1,2
BRDA:35,2,0,1
BRDA:35,2,1,1
BRDA:44,3,0,1
BRDA:44,3,1,1
BRDA:53,4,0,1
BRDA:53,4,1,1
BRF:10
BRH:10
end_of_record
TN:
SF:routes\movies.js
FN:8,(anonymous_0)
FN:13,(anonymous_1)
FN:34,(anonymous_2)
FN:62,(anonymous_3)
FN:71,(anonymous_4)
FNF:5
FNH:0
FNDA:0,(anonymous_0)
FNDA:0,(anonymous_1)
FNDA:0,(anonymous_2)
FNDA:0,(anonymous_3)
FNDA:0,(anonymous_4)
DA:1,3
DA:2,3
DA:3,3
DA:4,3
DA:5,3
DA:6,3
DA:8,3
DA:9,0
DA:10,0
DA:13,3
DA:14,0
DA:15,0
DA:17,0
DA:18,0
DA:20,0
DA:29,0
DA:31,0
DA:34,3
DA:35,0
DA:36,0
DA:37,0
DA:39,0
DA:40,0
DA:42,0
DA:56,0
DA:57,0
DA:59,0
DA:62,3
DA:63,0
DA:65,0
DA:66,0
DA:68,0
DA:71,3
DA:72,0
DA:74,0
DA:75,0
DA:77,0
DA:80,3
LF:38
LH:12
BRDA:15,0,0,0
BRDA:15,0,1,0
BRDA:18,1,0,0
BRDA:18,1,1,0
BRDA:37,2,0,0
BRDA:37,2,1,0
BRDA:40,3,0,0
BRDA:40,3,1,0
BRDA:56,4,0,0
BRDA:56,4,1,0
BRDA:65,5,0,0
BRDA:65,5,1,0
BRDA:74,6,0,0
BRDA:74,6,1,0
BRF:14
BRH:0
end_of_record
TN:
SF:routes\rentals.js
FN:12,(anonymous_0)
FN:17,(anonymous_1)
FN:54,(anonymous_2)
FNF:3
FNH:0
FNDA:0,(anonymous_0)
FNDA:0,(anonymous_1)
FNDA:0,(anonymous_2)
DA:1,3
DA:2,3
DA:3,3
DA:4,3
DA:5,3
DA:6,3
DA:7,3
DA:8,3
DA:10,3
DA:12,3
DA:13,0
DA:14,0
DA:17,3
DA:18,0
DA:19,0
DA:21,0
DA:22,0
DA:24,0
DA:25,0
DA:27,0
DA:28,0
DA:30,0
DA:43,0
DA:44,0
DA:49,0
DA:51,0
DA:54,3
DA:55,0
DA:57,0
DA:58,0
DA:60,0
DA:63,3
LF:32
LH:13
BRDA:19,0,0,0
BRDA:19,0,1,0
BRDA:22,1,0,0
BRDA:22,1,1,0
BRDA:25,2,0,0
BRDA:25,2,1,0
BRDA:27,3,0,0
BRDA:27,3,1,0
BRDA:57,4,0,0
BRDA:57,4,1,0
BRF:10
BRH:0
end_of_record
TN:
SF:routes\returns.js
FN:10,(anonymous_0)
FN:31,validateReturn
FNF:2
FNH:2
FNDA:7,(anonymous_0)
FNDA:9,validateReturn
DA:1,3
DA:2,3
DA:3,3
DA:4,3
DA:5,3
DA:6,3
DA:7,3
DA:8,3
DA:10,3
DA:11,7
DA:13,7
DA:15,6
DA:16,1
DA:18,5
DA:19,5
DA:21,5
DA:28,5
DA:32,9
DA:36,9
DA:39,3
LF:20
LH:20
BRDA:13,0,0,1
BRDA:13,0,1,6
BRDA:15,1,0,1
BRDA:15,1,1,5
BRF:4
BRH:4
end_of_record
TN:
SF:routes\users.js
FN:8,(anonymous_0)
FN:13,(anonymous_1)
FN:33,(anonymous_2)
FNF:3
FNH:0
FNDA:0,(anonymous_0)
FNDA:0,(anonymous_1)
FNDA:0,(anonymous_2)
DA:1,3
DA:2,3
DA:3,3
DA:4,3
DA:5,3
DA:6,3
DA:8,3
DA:9,0
DA:10,0
DA:13,3
DA:14,0
DA:15,0
DA:17,0
DA:18,0
DA:20,0
DA:21,0
DA:22,0
DA:24,0
DA:25,0
DA:27,0
DA:33,3
DA:34,0
DA:35,0
DA:36,0
DA:39,3
LF:25
LH:10
BRDA:15,0,0,0
BRDA:15,0,1,0
BRDA:18,1,0,0
BRDA:18,1,1,0
BRF:4
BRH:0
end_of_record
TN:
SF:startup\config.js
FN:4,(anonymous_0)
FNF:1
FNH:1
FNDA:3,(anonymous_0)
DA:1,3
DA:2,3
DA:4,3
DA:5,3
DA:6,0
LF:5
LH:4
BRDA:5,0,0,0
BRDA:5,0,1,3
BRF:2
BRH:1
end_of_record
TN:
SF:startup\db.js
FN:5,(anonymous_0)
FN:7,(anonymous_1)
FNF:2
FNH:2
FNDA:3,(anonymous_0)
FNDA:3,(anonymous_1)
DA:1,3
DA:2,3
DA:3,3
DA:5,3
DA:6,3
DA:7,3
LF:6
LH:6
BRF:0
BRH:0
end_of_record
TN:
SF:startup\logging.js
FN:6,(anonymous_0)
FNF:1
FNH:1
FNDA:3,(anonymous_0)
DA:1,3
DA:2,3
DA:3,3
DA:4,3
DA:6,3
DA:7,3
DA:12,3
DA:20,3
DA:28,3
LF:9
LH:9
BRF:0
BRH:0
end_of_record
TN:
SF:startup\routes.js
FN:11,(anonymous_0)
FNF:1
FNH:1
FNDA:3,(anonymous_0)
DA:1,3
DA:2,3
DA:3,3
DA:4,3
DA:5,3
DA:6,3
DA:7,3
DA:8,3
DA:9,3
DA:11,3
DA:12,3
DA:13,3
DA:14,3
DA:15,3
DA:16,3
DA:17,3
DA:18,3
DA:19,3
DA:20,3
LF:19
LH:19
BRF:0
BRH:0
end_of_record
